============================= test session starts ==============================
platform linux -- Python 3.11.15, pytest-9.0.1, pluggy-1.6.0 -- /home/user/AIB/.venv/bin/python
rootdir: /home/user/AIB
collecting ... collected 198 items

tests/test_apt305_conditioned_zones.py::test_party_surfaces_are_typed_adjacent PASSED [  0%]
tests/test_apt305_conditioned_zones.py::test_all_five_neighbours_are_declared_conditioned PASSED [  1%]
tests/test_apt305_conditioned_zones.py::test_theta_ztu_equals_the_setpoint_at_every_timestep PASSED [  1%]
tests/test_apt305_conditioned_zones.py::test_conditioned_zones_never_reach_the_buffer_formula PASSED [  2%]
tests/test_apt305_conditioned_zones.py::test_demand_is_plausible_for_an_apartment_inside_a_block PASSED [  2%]
tests/test_apt305_ground_and_hemisphere.py::test_apt305_has_no_ground_contact PASSED [  3%]
tests/test_apt305_ground_and_hemisphere.py::test_apt305_ground_loss_and_gain_are_exactly_zero PASSED [  3%]
tests/test_apt305_ground_and_hemisphere.py::test_a_real_ground_floor_still_gets_a_ground_term PASSED [  4%]
tests/test_apt305_ground_and_hemisphere.py::test_ground_resistance_matches_an_iso13370_hand_calculation PASSED [  4%]
tests/test_apt305_ground_and_hemisphere.py::test_southern_site_resolves_coldest_month_to_july PASSED [  5%]
tests/test_apt305_ground_and_hemisphere.py::test_ground_temperature_peaks_in_southern_summer PASSED [  5%]
tests/test_apt305_ground_and_hemisphere.py::test_forcing_the_northern_hemisphere_inverts_the_profile PASSED [  6%]
tests/test_apt305_internal_gains_invariance.py::test_apt305_has_five_neighbours PASSED [  6%]
tests/test_apt305_internal_gains_invariance.py::test_gains_identical_for_zero_one_and_five_neighbours PASSED [  7%]
tests/test_apt305_internal_gains_invariance.py::test_gains_match_the_iso_table_value PASSED [  7%]
tests/test_apt305_internal_gains_invariance.py::test_neighbour_ordering_no_longer_changes_the_answer PASSED [  8%]
tests/test_apt305_internal_gains_invariance.py::test_the_old_inflation_factor_is_reproduced_by_the_recorded_coefficients PASSED [  8%]
tests/test_coldest_month_hemisphere.py::test_southern_latitudes_get_july[-37.8] PASSED [  9%]
tests/test_coldest_month_hemisphere.py::test_southern_latitudes_get_july[-0.001] PASSED [  9%]
tests/test_coldest_month_hemisphere.py::test_southern_latitudes_get_july[-90.0] PASSED [ 10%]
tests/test_coldest_month_hemisphere.py::test_southern_latitudes_get_july[-12.5] PASSED [ 10%]
tests/test_coldest_month_hemisphere.py::test_northern_latitudes_get_january[45.5] PASSED [ 11%]
tests/test_coldest_month_hemisphere.py::test_northern_latitudes_get_january[0.0] PASSED [ 11%]
tests/test_coldest_month_hemisphere.py::test_northern_latitudes_get_january[0.001] PASSED [ 12%]
tests/test_coldest_month_hemisphere.py::test_northern_latitudes_get_january[89.9] PASSED [ 12%]
tests/test_coldest_month_hemisphere.py::test_melbourne_resolves_to_july PASSED [ 13%]
tests/test_coldest_month_hemisphere.py::test_explicit_coldest_month_wins[1] PASSED [ 13%]
tests/test_coldest_month_hemisphere.py::test_explicit_coldest_month_wins[6] PASSED [ 14%]
tests/test_coldest_month_hemisphere.py::test_explicit_coldest_month_wins[7] PASSED [ 14%]
tests/test_coldest_month_hemisphere.py::test_explicit_coldest_month_wins[12] PASSED [ 15%]
tests/test_coldest_month_hemisphere.py::test_unusable_explicit_value_falls_back_to_the_hemisphere[0] PASSED [ 15%]
tests/test_coldest_month_hemisphere.py::test_unusable_explicit_value_falls_back_to_the_hemisphere[13] PASSED [ 16%]
tests/test_coldest_month_hemisphere.py::test_unusable_explicit_value_falls_back_to_the_hemisphere[-1] PASSED [ 16%]
tests/test_coldest_month_hemisphere.py::test_unusable_explicit_value_falls_back_to_the_hemisphere[July] PASSED [ 17%]
tests/test_coldest_month_hemisphere.py::test_unusable_explicit_value_falls_back_to_the_hemisphere[None] PASSED [ 17%]
tests/test_coldest_month_hemisphere.py::test_unusable_explicit_value_falls_back_to_the_hemisphere[nan] PASSED [ 18%]
tests/test_coldest_month_hemisphere.py::test_float_month_is_accepted_and_truncated PASSED [ 18%]
tests/test_coldest_month_hemisphere.py::test_missing_or_unusable_latitude_keeps_the_previous_behaviour[None] PASSED [ 19%]
tests/test_coldest_month_hemisphere.py::test_missing_or_unusable_latitude_keeps_the_previous_behaviour[south] PASSED [ 19%]
tests/test_coldest_month_hemisphere.py::test_missing_or_unusable_latitude_keeps_the_previous_behaviour[nan] PASSED [ 20%]
tests/test_coldest_month_hemisphere.py::test_missing_or_unusable_latitude_keeps_the_previous_behaviour[inf] PASSED [ 20%]
tests/test_coldest_month_hemisphere.py::test_non_dict_input_does_not_raise PASSED [ 21%]
tests/test_coldest_month_hemisphere.py::test_resolution_is_idempotent PASSED [ 21%]
tests/test_conditioned_adjacent_zones.py::test_absent_fields_default_to_unconditioned PASSED [ 22%]
tests/test_conditioned_adjacent_zones.py::test_conditioned_and_setpoint_are_read_in_dictionary_order PASSED [ 22%]
tests/test_conditioned_adjacent_zones.py::test_unusable_setpoint_falls_back_to_none[] PASSED [ 23%]
tests/test_conditioned_adjacent_zones.py::test_unusable_setpoint_falls_back_to_none[warm] PASSED [ 23%]
tests/test_conditioned_adjacent_zones.py::test_unusable_setpoint_falls_back_to_none[None] PASSED [ 24%]
tests/test_conditioned_adjacent_zones.py::test_unusable_setpoint_falls_back_to_none[nan] PASSED [ 24%]
tests/test_conditioned_adjacent_zones.py::test_unusable_setpoint_falls_back_to_none[inf] PASSED [ 25%]
tests/test_conditioned_adjacent_zones.py::test_integer_setpoint_is_accepted PASSED [ 25%]
tests/test_conditioned_adjacent_zones.py::test_non_dict_and_missing_zone_lists_are_tolerated PASSED [ 26%]
tests/test_conditioned_adjacent_zones.py::test_single_unconditioned_zone_keeps_the_historical_cold_start PASSED [ 26%]
tests/test_conditioned_adjacent_zones.py::test_single_conditioned_zone_starts_at_its_setpoint PASSED [ 27%]
tests/test_conditioned_adjacent_zones.py::test_multi_zone_seed_is_per_zone PASSED [ 27%]
tests/test_conditioned_adjacent_zones.py::test_conditioned_without_setpoint_keeps_the_default_seed PASSED [ 28%]
tests/test_conditioned_adjacent_zones.py::test_more_zones_than_entries_does_not_raise PASSED [ 28%]
tests/test_conditioned_adjacent_zones.py::test_unconditioned_formula_matches_the_original_expression[21.0-5.0-0.733-0.0-50.0] PASSED [ 29%]
tests/test_conditioned_adjacent_zones.py::test_unconditioned_formula_matches_the_original_expression[21.0-5.0-0.926-120.0-40.0] PASSED [ 29%]
tests/test_conditioned_adjacent_zones.py::test_unconditioned_formula_matches_the_original_expression[19.0-30.0-0.867-60.0-25.0] PASSED [ 30%]
tests/test_conditioned_adjacent_zones.py::test_unconditioned_formula_matches_the_original_expression[21.0--5.0-0.9-500.0-10.0] PASSED [ 30%]
tests/test_conditioned_adjacent_zones.py::test_table_b16_cap_still_binds PASSED [ 31%]
tests/test_conditioned_adjacent_zones.py::test_zero_conductance_does_not_divide_by_zero PASSED [ 31%]
tests/test_conditioned_adjacent_zones.py::test_valid_conditioned_zone_raises_nothing PASSED [ 32%]
tests/test_conditioned_adjacent_zones.py::test_non_bool_conditioned_is_coerced_with_a_warning PASSED [ 32%]
tests/test_conditioned_adjacent_zones.py::test_non_numeric_setpoint_is_an_error PASSED [ 33%]
tests/test_conditioned_adjacent_zones.py::test_implausible_setpoint_warns[-10.0] PASSED [ 33%]
tests/test_conditioned_adjacent_zones.py::test_implausible_setpoint_warns[60.0] PASSED [ 34%]
tests/test_conditioned_adjacent_zones.py::test_conditioned_without_setpoint_warns PASSED [ 34%]
tests/test_conditioned_adjacent_zones.py::test_unconditioned_zone_with_no_new_fields_is_silent PASSED [ 35%]
tests/test_dynamic_surface_coefficients.py::test_iso_constant_is_recovered_at_standard_wind_speed PASSED [ 35%]
tests/test_dynamic_surface_coefficients.py::test_below_standard_wind_gives_lower_h_ce PASSED [ 36%]
tests/test_dynamic_surface_coefficients.py::test_above_standard_wind_gives_higher_h_ce PASSED [ 36%]
tests/test_dynamic_surface_coefficients.py::test_h_min_floor_is_enforced PASSED [ 37%]
tests/test_dynamic_surface_coefficients.py::test_all_dynamic_models_respond_to_wind[doe2] PASSED [ 37%]
tests/test_dynamic_surface_coefficients.py::test_all_dynamic_models_respond_to_wind[mowitt] PASSED [ 38%]
tests/test_dynamic_surface_coefficients.py::test_all_dynamic_models_respond_to_wind[blast] PASSED [ 38%]
tests/test_dynamic_surface_coefficients.py::test_all_dynamic_models_respond_to_wind[simplecombined] PASSED [ 39%]
tests/test_dynamic_surface_coefficients.py::test_all_dynamic_models_return_finite_positive[doe2] PASSED [ 39%]
tests/test_dynamic_surface_coefficients.py::test_all_dynamic_models_return_finite_positive[mowitt] PASSED [ 40%]
tests/test_dynamic_surface_coefficients.py::test_all_dynamic_models_return_finite_positive[blast] PASSED [ 40%]
tests/test_dynamic_surface_coefficients.py::test_all_dynamic_models_return_finite_positive[simplecombined] PASSED [ 41%]
tests/test_dynamic_surface_coefficients.py::test_table_model_ignores_wind_entirely PASSED [ 41%]
tests/test_dynamic_surface_coefficients.py::test_unknown_model_rejected PASSED [ 42%]
tests/test_dynamic_surface_coefficients.py::test_dynamic_surface_heat_transfer_defaults_on PASSED [ 42%]
tests/test_dynamic_surface_coefficients.py::test_dynamic_surface_heat_transfer_can_be_switched_off PASSED [ 43%]
tests/test_dynamic_surface_coefficients.py::test_opaque_model_defaults_to_simplecombined PASSED [ 43%]
tests/test_dynamic_surface_coefficients.py::test_explicit_opaque_model_wins_over_default PASSED [ 44%]
tests/test_dynamic_surface_coefficients.py::test_opaque_model_reads_simulation_options_first PASSED [ 44%]
tests/test_dynamic_surface_coefficients.py::test_window_and_opaque_models_are_independent PASSED [ 45%]
tests/test_dynamic_window_properties.py::test_angular_factor_endpoints[1] PASSED [ 45%]
tests/test_dynamic_window_properties.py::test_angular_factor_endpoints[2] PASSED [ 46%]
tests/test_dynamic_window_properties.py::test_angular_factor_endpoints[3] PASSED [ 46%]
tests/test_dynamic_window_properties.py::test_angular_factor_is_monotone_decreasing[1] PASSED [ 47%]
tests/test_dynamic_window_properties.py::test_angular_factor_is_monotone_decreasing[2] PASSED [ 47%]
tests/test_dynamic_window_properties.py::test_angular_factor_is_monotone_decreasing[3] PASSED [ 48%]
tests/test_dynamic_window_properties.py::test_angular_factor_bounded[1] PASSED [ 48%]
tests/test_dynamic_window_properties.py::test_angular_factor_bounded[2] PASSED [ 49%]
tests/test_dynamic_window_properties.py::test_angular_factor_bounded[3] PASSED [ 50%]
tests/test_dynamic_window_properties.py::test_more_panes_reject_more_at_steep_incidence PASSED [ 50%]
tests/test_dynamic_window_properties.py::test_defaults_reproduce_fresnel_reference PASSED [ 51%]
tests/test_dynamic_window_properties.py::test_diffuse_factor_is_hemispherical_average_of_direct_curve PASSED [ 51%]
tests/test_dynamic_window_properties.py::test_single_pane_diffuse_factor_matches_iso_constant PASSED [ 52%]
tests/test_dynamic_window_properties.py::test_fw_pure_diffuse_equals_diffuse_factor PASSED [ 52%]
tests/test_dynamic_window_properties.py::test_fw_pure_normal_direct_is_unity PASSED [ 53%]
tests/test_dynamic_window_properties.py::test_fw_fully_shaded_direct_collapses_onto_diffuse PASSED [ 53%]
tests/test_dynamic_window_properties.py::test_fw_is_irradiance_weighted PASSED [ 54%]
tests/test_dynamic_window_properties.py::test_fw_zero_irradiance_stays_bounded PASSED [ 54%]
tests/test_dynamic_window_properties.py::test_fw_model_switches PASSED   [ 55%]
tests/test_dynamic_window_properties.py::test_fw_never_exceeds_unity PASSED [ 55%]
tests/test_dynamic_window_properties.py::test_per_surface_coefficient_override PASSED [ 56%]
tests/test_dynamic_window_properties.py::test_glazing_panes_hint_selects_coefficient_set PASSED [ 56%]
tests/test_dynamic_window_properties.py::test_simplecombined_reduces_to_iso_constant_at_4ms PASSED [ 57%]
tests/test_dynamic_window_properties.py::test_simplecombined_is_linear_in_wind[0.0-4.0] PASSED [ 57%]
tests/test_dynamic_window_properties.py::test_simplecombined_is_linear_in_wind[2.0-12.0] PASSED [ 58%]
tests/test_dynamic_window_properties.py::test_simplecombined_is_linear_in_wind[4.0-20.0] PASSED [ 58%]
tests/test_dynamic_window_properties.py::test_simplecombined_is_linear_in_wind[10.0-44.0] PASSED [ 59%]
tests/test_dynamic_window_properties.py::test_table_model_is_inert PASSED [ 59%]
tests/test_dynamic_window_properties.py::test_dynamic_window_properties_defaults_on PASSED [ 60%]
tests/test_dynamic_window_properties.py::test_dynamic_window_properties_can_be_switched_off PASSED [ 60%]
tests/test_dynamic_window_properties.py::test_window_convection_model_defaults_to_simplecombined PASSED [ 61%]
tests/test_dynamic_window_properties.py::test_window_angular_model_aliases PASSED [ 61%]
tests/test_gr_classification.py::test_classifier[surf0-OP] PASSED        [ 62%]
tests/test_gr_classification.py::test_classifier[surf1-ADJ] PASSED       [ 62%]
tests/test_gr_classification.py::test_classifier[surf2-GR] PASSED        [ 63%]
tests/test_gr_classification.py::test_classifier[surf3-GR] PASSED        [ 63%]
tests/test_gr_classification.py::test_classifier[surf4-OP] PASSED        [ 64%]
tests/test_gr_classification.py::test_classifier[surf5-W] PASSED         [ 64%]
tests/test_gr_classification.py::test_classifier[surf6-ADJ] PASSED       [ 65%]
tests/test_gr_classification.py::test_classifier[surf7-AD] PASSED        [ 65%]
tests/test_gr_classification.py::test_classifier[surf8-ADJ] PASSED       [ 66%]
tests/test_gr_classification.py::test_classifier[surf9-AD] PASSED        [ 66%]
tests/test_gr_classification.py::test_zero_sky_view_alone_never_means_ground PASSED [ 67%]
tests/test_gr_classification.py::test_validator_warns_on_ambiguous_zero_sky_view_surface PASSED [ 67%]
tests/test_gr_classification.py::test_validator_is_quiet_for_declared_surfaces PASSED [ 68%]
tests/test_gr_classification.py::test_no_surface_is_classified_gr_without_a_ground_boundary PASSED [ 68%]
tests/test_gr_classification.py::test_config_a_and_config_b_classify_identically PASSED [ 69%]
tests/test_gr_classification.py::test_config_a_and_config_b_converge PASSED [ 69%]
tests/test_gr_classification.py::test_config_a_no_longer_reproduces_the_buried_slab_result PASSED [ 70%]
tests/test_ground_contact_area.py::test_untagged_building_has_zero_ground_contact PASSED [ 70%]
tests/test_ground_contact_area.py::test_no_exception_when_nothing_is_tagged PASSED [ 71%]
tests/test_ground_contact_area.py::test_net_floor_area_is_never_consulted PASSED [ 71%]
tests/test_ground_contact_area.py::test_explicit_boundary_ground_is_summed PASSED [ 72%]
tests/test_ground_contact_area.py::test_iso_type_gr_is_summed PASSED     [ 72%]
tests/test_ground_contact_area.py::test_unusable_areas_are_skipped[0.0] PASSED [ 73%]
tests/test_ground_contact_area.py::test_unusable_areas_are_skipped[-5.0] PASSED [ 73%]
tests/test_ground_contact_area.py::test_unusable_areas_are_skipped[nan] PASSED [ 74%]
tests/test_ground_contact_area.py::test_unusable_areas_are_skipped[inf] PASSED [ 74%]
tests/test_ground_contact_area.py::test_unusable_areas_are_skipped[big] PASSED [ 75%]
tests/test_ground_contact_area.py::test_legacy_inference_is_off_by_default PASSED [ 75%]
tests/test_ground_contact_area.py::test_legacy_inference_can_be_opted_into PASSED [ 76%]
tests/test_ground_contact_area.py::test_legacy_inference_accepts_horizontal_under_either_convention[0.0] PASSED [ 76%]
tests/test_ground_contact_area.py::test_legacy_inference_accepts_horizontal_under_either_convention[180.0] PASSED [ 77%]
tests/test_ground_contact_area.py::test_legacy_inference_accepts_horizontal_under_either_convention[175.0] PASSED [ 77%]
tests/test_ground_contact_area.py::test_legacy_inference_accepts_horizontal_under_either_convention[None] PASSED [ 78%]
tests/test_ground_contact_area.py::test_legacy_inference_rejects_a_slab_over_another_zone PASSED [ 78%]
tests/test_ground_contact_area.py::test_legacy_inference_rejects_a_sky_exposed_surface PASSED [ 79%]
tests/test_ground_contact_area.py::test_explicit_tag_wins_over_legacy_inference PASSED [ 79%]
tests/test_ground_contact_area.py::test_zero_area_gives_zero_conductance PASSED [ 80%]
tests/test_ground_contact_area.py::test_nonzero_area_gives_the_expected_conductance PASSED [ 80%]
tests/test_ground_contact_area.py::test_perimeter_without_ground_tag_warns PASSED [ 81%]
tests/test_ground_contact_area.py::test_zero_perimeter_without_ground_tag_is_silent PASSED [ 81%]
tests/test_ground_contact_area.py::test_perimeter_with_ground_tag_is_silent PASSED [ 82%]
tests/test_ground_contact_area.py::test_legacy_opt_in_suppresses_the_warning PASSED [ 82%]
tests/test_internal_gains_adjacency.py::test_gains_independent_of_number_of_adjacent_zones[0] PASSED [ 83%]
tests/test_internal_gains_adjacency.py::test_gains_independent_of_number_of_adjacent_zones[1] PASSED [ 83%]
tests/test_internal_gains_adjacency.py::test_gains_independent_of_number_of_adjacent_zones[5] PASSED [ 84%]
tests/test_internal_gains_adjacency.py::test_gains_equal_iso_table_value PASSED [ 84%]
tests/test_internal_gains_adjacency.py::test_gains_independent_of_b_ztu[0.926_0] PASSED [ 85%]
tests/test_internal_gains_adjacency.py::test_gains_independent_of_b_ztu[0.926_1] PASSED [ 85%]
tests/test_internal_gains_adjacency.py::test_gains_independent_of_b_ztu[0.867_0] PASSED [ 86%]
tests/test_internal_gains_adjacency.py::test_gains_independent_of_b_ztu[0.867_1] PASSED [ 86%]
tests/test_internal_gains_adjacency.py::test_gains_independent_of_b_ztu[0.733] PASSED [ 87%]
tests/test_internal_gains_adjacency.py::test_old_inflation_factor_is_gone PASSED [ 87%]
tests/test_internal_gains_adjacency.py::test_profiles_still_scale_the_gain[0.0-0.0] PASSED [ 88%]
tests/test_internal_gains_adjacency.py::test_profiles_still_scale_the_gain[0.5-1.0] PASSED [ 88%]
tests/test_internal_gains_adjacency.py::test_profiles_still_scale_the_gain[1.0-0.2] PASSED [ 89%]
tests/test_internal_gains_adjacency.py::test_full_load_override_still_applies PASSED [ 89%]
tests/test_internal_gains_adjacency.py::test_signature_still_accepts_the_adjacency_arguments PASSED [ 90%]
tests/test_internal_gains_adjacency.py::test_nan_lighting_in_table_is_treated_as_zero PASSED [ 90%]
tests/test_latent_gating.py::test_latent_cooling_only_in_plant_on_hours PASSED [ 91%]
tests/test_latent_gating.py::test_latent_charged_with_cooling_off_is_zero PASSED [ 91%]
tests/test_latent_gating.py::test_no_latent_cooling_while_the_heating_plant_runs PASSED [ 92%]
tests/test_latent_gating.py::test_gate_actually_removed_the_bulk_of_the_ungated_term PASSED [ 92%]
tests/test_latent_gating.py::test_monthly_latent_cooling_keeps_southern_hemisphere_phase PASSED [ 93%]
tests/test_latent_gating.py::test_latent_heating_stays_negligible PASSED [ 93%]
tests/test_latent_gating.py::test_total_need_is_reported_with_an_explicit_split PASSED [ 94%]
tests/test_latent_gating.py::test_annual_latent_matches_the_gated_hourly_series PASSED [ 94%]
tests/test_sankey_closure_adj_transmission.py::test_every_party_surface_has_a_transmission_line_item PASSED [ 95%]
tests/test_sankey_closure_adj_transmission.py::test_party_surfaces_are_typed_adj_not_ground PASSED [ 95%]
tests/test_sankey_closure_adj_transmission.py::test_adjacent_transmission_is_non_zero_and_signed_both_ways PASSED [ 96%]
tests/test_sankey_closure_adj_transmission.py::test_sankey_transmission_matches_independent_per_surface_integration PASSED [ 96%]
tests/test_sankey_closure_adj_transmission.py::test_v2_residual_under_tolerance PASSED [ 97%]
tests/test_sankey_closure_adj_transmission.py::test_engine_reported_closure_matches_recomputation PASSED [ 97%]
tests/test_sankey_closure_adj_transmission.py::test_no_republished_residual_flow PASSED [ 98%]
tests/test_sankey_closure_adj_transmission.py::test_ground_floor_reports_a_non_zero_ground_flow PASSED [ 98%]
tests/test_sankey_closure_adj_transmission.py::test_ground_is_not_counted_twice PASSED [ 99%]
tests/test_sankey_closure_adj_transmission.py::test_ground_floor_balance_also_closes PASSED [100%]

=============================== warnings summary ===============================
tests/test_gr_classification.py::test_no_surface_is_classified_gr_without_a_ground_boundary
tests/test_gr_classification.py::test_no_surface_is_classified_gr_without_a_ground_boundary
tests/test_latent_gating.py::test_latent_cooling_only_in_plant_on_hours
tests/test_sankey_closure_adj_transmission.py::test_every_party_surface_has_a_transmission_line_item
  /home/user/AIB/pybuildingenergy/src/pybuildingenergy/source/utils.py:4455: RuntimeWarning: divide by zero encountered in divide
    Theta_gr_ve = internal_temperature_by_month - (

-- Docs: https://docs.pytest.org/en/stable/how-to/capture-warnings.html
================= 198 passed, 4 warnings in 157.94s (0:02:37) ==================

exit code: 0
